{"D:\\blog-api\\src\\app.js": {"path":"D:\\blog-api\\src\\app.js","statementMap":{"0":{"start":{"line":7,"column":0},"end":{"line":7,"column":16}},"1":{"start":{"line":9,"column":12},"end":{"line":9,"column":21}},"2":{"start":{"line":12,"column":13},"end":{"line":12,"column":37}},"3":{"start":{"line":15,"column":0},"end":{"line":15,"column":24}},"4":{"start":{"line":18,"column":0},"end":{"line":18,"column":31}},"5":{"start":{"line":21,"column":0},"end":{"line":23,"column":3}},"6":{"start":{"line":22,"column":2},"end":{"line":22,"column":50}},"7":{"start":{"line":26,"column":0},"end":{"line":38,"column":5}},"8":{"start":{"line":30,"column":4},"end":{"line":30,"column":40}},"9":{"start":{"line":31,"column":4},"end":{"line":33,"column":7}},"10":{"start":{"line":32,"column":6},"end":{"line":32,"column":55}},"11":{"start":{"line":37,"column":4},"end":{"line":37,"column":56}}},"fnMap":{"0":{"name":"(anonymous_0)","decl":{"start":{"line":21,"column":13},"end":{"line":21,"column":14}},"loc":{"start":{"line":21,"column":27},"end":{"line":23,"column":1}},"line":21},"1":{"name":"(anonymous_1)","decl":{"start":{"line":29,"column":8},"end":{"line":29,"column":9}},"loc":{"start":{"line":29,"column":14},"end":{"line":34,"column":3}},"line":29},"2":{"name":"(anonymous_2)","decl":{"start":{"line":31,"column":21},"end":{"line":31,"column":22}},"loc":{"start":{"line":31,"column":27},"end":{"line":33,"column":5}},"line":31},"3":{"name":"(anonymous_3)","decl":{"start":{"line":36,"column":9},"end":{"line":36,"column":10}},"loc":{"start":{"line":36,"column":18},"end":{"line":38,"column":3}},"line":36}},"branchMap":{"0":{"loc":{"start":{"line":12,"column":13},"end":{"line":12,"column":37}},"type":"binary-expr","locations":[{"start":{"line":12,"column":13},"end":{"line":12,"column":29}},{"start":{"line":12,"column":33},"end":{"line":12,"column":37}}],"line":12}},"s":{"0":1,"1":1,"2":1,"3":1,"4":1,"5":1,"6":0,"7":1,"8":1,"9":1,"10":1,"11":0},"f":{"0":0,"1":1,"2":1,"3":0},"b":{"0":[1,0]},"inputSourceMap":null,"_coverageSchema":"1a1c01bbd47fc00a2c39e90264f33305004495a9","hash":"b206c421b669f86a1de599d1d37e72560a03d915"}
,"D:\\blog-api\\src\\controllers\\postsControllers.js": {"path":"D:\\blog-api\\src\\controllers\\postsControllers.js","statementMap":{"0":{"start":{"line":4,"column":27},"end":{"line":12,"column":1}},"1":{"start":{"line":5,"column":2},"end":{"line":11,"column":3}},"2":{"start":{"line":7,"column":18},"end":{"line":7,"column":62}},"3":{"start":{"line":8,"column":4},"end":{"line":8,"column":32}},"4":{"start":{"line":10,"column":4},"end":{"line":10,"column":69}},"5":{"start":{"line":15,"column":27},"end":{"line":28,"column":1}},"6":{"start":{"line":16,"column":2},"end":{"line":27,"column":3}},"7":{"start":{"line":17,"column":17},"end":{"line":17,"column":52}},"8":{"start":{"line":20,"column":4},"end":{"line":24,"column":5}},"9":{"start":{"line":21,"column":6},"end":{"line":21,"column":33}},"10":{"start":{"line":23,"column":6},"end":{"line":23,"column":63}},"11":{"start":{"line":26,"column":4},"end":{"line":26,"column":68}},"12":{"start":{"line":31,"column":26},"end":{"line":43,"column":1}},"13":{"start":{"line":32,"column":2},"end":{"line":42,"column":3}},"14":{"start":{"line":34,"column":20},"end":{"line":34,"column":39}},"15":{"start":{"line":37,"column":4},"end":{"line":37,"column":25}},"16":{"start":{"line":39,"column":4},"end":{"line":39,"column":34}},"17":{"start":{"line":41,"column":4},"end":{"line":41,"column":67}},"18":{"start":{"line":46,"column":26},"end":{"line":62,"column":1}},"19":{"start":{"line":47,"column":2},"end":{"line":61,"column":3}},"20":{"start":{"line":49,"column":24},"end":{"line":52,"column":6}},"21":{"start":{"line":54,"column":4},"end":{"line":58,"column":5}},"22":{"start":{"line":55,"column":6},"end":{"line":55,"column":40}},"23":{"start":{"line":57,"column":6},"end":{"line":57,"column":78}},"24":{"start":{"line":60,"column":4},"end":{"line":60,"column":71}},"25":{"start":{"line":65,"column":26},"end":{"line":78,"column":1}},"26":{"start":{"line":66,"column":2},"end":{"line":77,"column":3}},"27":{"start":{"line":68,"column":24},"end":{"line":68,"column":68}},"28":{"start":{"line":70,"column":4},"end":{"line":74,"column":5}},"29":{"start":{"line":71,"column":6},"end":{"line":71,"column":69}},"30":{"start":{"line":73,"column":6},"end":{"line":73,"column":76}},"31":{"start":{"line":76,"column":4},"end":{"line":76,"column":69}},"32":{"start":{"line":81,"column":27},"end":{"line":97,"column":1}},"33":{"start":{"line":82,"column":2},"end":{"line":96,"column":3}},"34":{"start":{"line":84,"column":18},"end":{"line":84,"column":27}},"35":{"start":{"line":87,"column":18},"end":{"line":89,"column":6}},"36":{"start":{"line":91,"column":4},"end":{"line":91,"column":32}},"37":{"start":{"line":93,"column":4},"end":{"line":95,"column":74}}},"fnMap":{"0":{"name":"(anonymous_0)","decl":{"start":{"line":4,"column":27},"end":{"line":4,"column":28}},"loc":{"start":{"line":4,"column":47},"end":{"line":12,"column":1}},"line":4},"1":{"name":"(anonymous_1)","decl":{"start":{"line":15,"column":27},"end":{"line":15,"column":28}},"loc":{"start":{"line":15,"column":47},"end":{"line":28,"column":1}},"line":15},"2":{"name":"(anonymous_2)","decl":{"start":{"line":31,"column":26},"end":{"line":31,"column":27}},"loc":{"start":{"line":31,"column":46},"end":{"line":43,"column":1}},"line":31},"3":{"name":"(anonymous_3)","decl":{"start":{"line":46,"column":26},"end":{"line":46,"column":27}},"loc":{"start":{"line":46,"column":46},"end":{"line":62,"column":1}},"line":46},"4":{"name":"(anonymous_4)","decl":{"start":{"line":65,"column":26},"end":{"line":65,"column":27}},"loc":{"start":{"line":65,"column":46},"end":{"line":78,"column":1}},"line":65},"5":{"name":"(anonymous_5)","decl":{"start":{"line":81,"column":27},"end":{"line":81,"column":28}},"loc":{"start":{"line":81,"column":47},"end":{"line":97,"column":1}},"line":81}},"branchMap":{"0":{"loc":{"start":{"line":20,"column":4},"end":{"line":24,"column":5}},"type":"if","locations":[{"start":{"line":20,"column":4},"end":{"line":24,"column":5}},{"start":{"line":22,"column":11},"end":{"line":24,"column":5}}],"line":20},"1":{"loc":{"start":{"line":54,"column":4},"end":{"line":58,"column":5}},"type":"if","locations":[{"start":{"line":54,"column":4},"end":{"line":58,"column":5}},{"start":{"line":56,"column":11},"end":{"line":58,"column":5}}],"line":54},"2":{"loc":{"start":{"line":70,"column":4},"end":{"line":74,"column":5}},"type":"if","locations":[{"start":{"line":70,"column":4},"end":{"line":74,"column":5}},{"start":{"line":72,"column":11},"end":{"line":74,"column":5}}],"line":70}},"s":{"0":1,"1":1,"2":1,"3":1,"4":0,"5":1,"6":1,"7":1,"8":1,"9":1,"10":0,"11":0,"12":1,"13":1,"14":1,"15":1,"16":1,"17":0,"18":1,"19":1,"20":1,"21":1,"22":1,"23":0,"24":0,"25":1,"26":1,"27":1,"28":1,"29":1,"30":0,"31":0,"32":1,"33":1,"34":1,"35":1,"36":1,"37":0},"f":{"0":1,"1":1,"2":1,"3":1,"4":1,"5":1},"b":{"0":[1,0],"1":[1,0],"2":[1,0]},"inputSourceMap":null,"_coverageSchema":"1a1c01bbd47fc00a2c39e90264f33305004495a9","hash":"80e0a6f8aca8b9c9ab39fb1e30902ba8046f2a65"}
,"D:\\blog-api\\src\\models\\Posts.js": {"path":"D:\\blog-api\\src\\models\\Posts.js","statementMap":{"0":{"start":{"line":3,"column":19},"end":{"line":8,"column":2}}},"fnMap":{},"branchMap":{},"s":{"0":1},"f":{},"b":{},"inputSourceMap":null,"_coverageSchema":"1a1c01bbd47fc00a2c39e90264f33305004495a9","hash":"98e80224ce4fd6e42ec812999c8d9a064bca8e06"}
,"D:\\blog-api\\src\\routes\\posts.js": {"path":"D:\\blog-api\\src\\routes\\posts.js","statementMap":{"0":{"start":{"line":12,"column":15},"end":{"line":12,"column":31}},"1":{"start":{"line":14,"column":0},"end":{"line":14,"column":29}},"2":{"start":{"line":15,"column":0},"end":{"line":15,"column":35}},"3":{"start":{"line":16,"column":0},"end":{"line":16,"column":32}},"4":{"start":{"line":17,"column":0},"end":{"line":17,"column":29}},"5":{"start":{"line":18,"column":0},"end":{"line":18,"column":31}},"6":{"start":{"line":19,"column":0},"end":{"line":19,"column":34}}},"fnMap":{},"branchMap":{},"s":{"0":1,"1":1,"2":1,"3":1,"4":1,"5":1,"6":1},"f":{},"b":{},"inputSourceMap":null,"_coverageSchema":"1a1c01bbd47fc00a2c39e90264f33305004495a9","hash":"15bdc9be26b9e817937f76f2899afcd52a74d03c"}
}
