TN:
SF:src\app.js
FN:21,(anonymous_0)
FN:29,(anonymous_1)
FN:31,(anonymous_2)
FN:36,(anonymous_3)
FNF:4
FNH:2
FNDA:0,(anonymous_0)
FNDA:1,(anonymous_1)
FNDA:1,(anonymous_2)
FNDA:0,(anonymous_3)
DA:7,1
DA:9,1
DA:12,1
DA:15,1
DA:18,1
DA:21,1
DA:22,0
DA:26,1
DA:30,1
DA:31,1
DA:32,1
DA:37,0
LF:12
LH:10
BRDA:12,0,0,1
BRDA:12,0,1,0
BRF:2
BRH:1
end_of_record
TN:
SF:src\controllers\postsControllers.js
FN:4,(anonymous_0)
FN:15,(anonymous_1)
FN:31,(anonymous_2)
FN:46,(anonymous_3)
FN:65,(anonymous_4)
FN:81,(anonymous_5)
FNF:6
FNH:6
FNDA:1,(anonymous_0)
FNDA:1,(anonymous_1)
FNDA:1,(anonymous_2)
FNDA:1,(anonymous_3)
FNDA:1,(anonymous_4)
FNDA:1,(anonymous_5)
DA:4,1
DA:5,1
DA:7,1
DA:8,1
DA:10,0
DA:15,1
DA:16,1
DA:17,1
DA:20,1
DA:21,1
DA:23,0
DA:26,0
DA:31,1
DA:32,1
DA:34,1
DA:37,1
DA:39,1
DA:41,0
DA:46,1
DA:47,1
DA:49,1
DA:54,1
DA:55,1
DA:57,0
DA:60,0
DA:65,1
DA:66,1
DA:68,1
DA:70,1
DA:71,1
DA:73,0
DA:76,0
DA:81,1
DA:82,1
DA:84,1
DA:87,1
DA:91,1
DA:93,0
LF:38
LH:29
BRDA:20,0,0,1
BRDA:20,0,1,0
BRDA:54,1,0,1
BRDA:54,1,1,0
BRDA:70,2,0,1
BRDA:70,2,1,0
BRF:6
BRH:3
end_of_record
TN:
SF:src\models\Posts.js
FNF:0
FNH:0
DA:3,1
LF:1
LH:1
BRF:0
BRH:0
end_of_record
TN:
SF:src\routes\posts.js
FNF:0
FNH:0
DA:12,1
DA:14,1
DA:15,1
DA:16,1
DA:17,1
DA:18,1
DA:19,1
LF:7
LH:7
BRF:0
BRH:0
end_of_record
